<?xml version="1.0" encoding="UTF-8"?>
<testsuite xmlns:xsi="http://www.w3.org/2001/XMLSchema-instance" xsi:noNamespaceSchemaLocation="https://maven.apache.org/surefire/maven-surefire-plugin/xsd/surefire-test-report-3.0.xsd" version="3.0" name="med.voll.api.ApiApplicationTests" time="13.095" tests="1" errors="0" skipped="0" failures="0">
  <properties>
[...]
</properties>
  <testcase name="contextLoads" classname="med.voll.api.ApiApplicationTests" time="1.094">
    <system-out><![CDATA[20:55:21.234 [main] INFO org.springframework.test.context.support.AnnotationConfigContextLoaderUtils -- Could not detect default configuration classes for test class [med.voll.api.ApiApplicationTests]: ApiApplicationTests does not declare any static, non-private, non-final, nested classes annotated with @Configuration.
20:55:21.460 [main] INFO org.springframework.boot.test.context.SpringBootTestContextBootstrapper -- Found @SpringBootConfiguration med.voll.api.ApiApplication for test class med.voll.api.ApiApplicationTests
20:55:21.872 [main] INFO org.springframework.boot.devtools.restart.RestartApplicationListener -- Restart disabled due to context in which it is running

  .   ____          _            __ _ _
 /\\ / ___'_ __ _ _(_)_ __  __ _ \ \ \ \
( ( )\___ | '_ | '_| | '_ \/ _` | \ \ \ \
 \\/  ___)| |_)| | | | | || (_| |  ) ) ) )
  '  |____| .__|_| |_|_| |_\__, | / / / /
 =========|_|==============|___/=/_/_/_/
 :: Spring Boot ::                (v3.2.0)

2023-12-26T20:55:22.595-03:00  INFO 14300 --- [           main] med.voll.api.ApiApplicationTests         : Starting ApiApplicationTests using Java 17.0.3.1 with PID 14300 (started by marlo in C:\Users\marlo\eclipse-workspace\api)
2023-12-26T20:55:22.599-03:00  INFO 14300 --- [           main] med.voll.api.ApiApplicationTests         : No active profile set, falling back to 1 default profile: "default"
2023-12-26T20:55:24.978-03:00  INFO 14300 --- [           main] .s.d.r.c.RepositoryConfigurationDelegate : Bootstrapping Spring Data JPA repositories in DEFAULT mode.
2023-12-26T20:55:25.123-03:00  INFO 14300 --- [           main] .s.d.r.c.RepositoryConfigurationDelegate : Finished Spring Data repository scanning in 123 ms. Found 1 JPA repository interface.
2023-12-26T20:55:26.263-03:00  INFO 14300 --- [           main] com.zaxxer.hikari.HikariDataSource       : HikariPool-1 - Starting...
2023-12-26T20:55:26.594-03:00  INFO 14300 --- [           main] com.zaxxer.hikari.pool.HikariPool        : HikariPool-1 - Added connection org.mariadb.jdbc.Connection@3cc79c02
2023-12-26T20:55:26.600-03:00  INFO 14300 --- [           main] com.zaxxer.hikari.HikariDataSource       : HikariPool-1 - Start completed.
2023-12-26T20:55:26.835-03:00  INFO 14300 --- [           main] o.f.c.internal.license.VersionPrinter    : Flyway Community Edition 9.22.3 by Redgate
2023-12-26T20:55:26.835-03:00  INFO 14300 --- [           main] o.f.c.internal.license.VersionPrinter    : See release notes here: https://rd.gt/416ObMi
2023-12-26T20:55:26.835-03:00  INFO 14300 --- [           main] o.f.c.internal.license.VersionPrinter    : 
2023-12-26T20:55:26.901-03:00  WARN 14300 --- [           main] o.m.jdbc.message.server.ErrorPacket      : Error: 1193-HY000: Unknown system variable 'WSREP_ON'
2023-12-26T20:55:26.915-03:00  INFO 14300 --- [           main] org.flywaydb.core.FlywayExecutor         : Database: jdbc:mariadb://localhost/vollmed_api (MariaDB 11.2)
2023-12-26T20:55:26.929-03:00  WARN 14300 --- [           main] o.f.c.internal.database.base.Database    : Flyway upgrade recommended: MariaDB 11.2 is newer than this version of Flyway and support has not been tested. The latest supported version of MariaDB is 10.11.
2023-12-26T20:55:27.023-03:00  INFO 14300 --- [           main] o.f.core.internal.command.DbValidate     : Successfully validated 3 migrations (execution time 00:00.073s)
2023-12-26T20:55:27.047-03:00  INFO 14300 --- [           main] o.f.core.internal.command.DbMigrate      : Current version of schema `vollmed_api`: 3
2023-12-26T20:55:27.055-03:00  INFO 14300 --- [           main] o.f.core.internal.command.DbMigrate      : Schema `vollmed_api` is up to date. No migration necessary.
2023-12-26T20:55:27.400-03:00  INFO 14300 --- [           main] o.hibernate.jpa.internal.util.LogHelper  : HHH000204: Processing PersistenceUnitInfo [name: default]
2023-12-26T20:55:27.629-03:00  INFO 14300 --- [           main] org.hibernate.Version                    : HHH000412: Hibernate ORM core version 6.3.1.Final
2023-12-26T20:55:27.714-03:00  INFO 14300 --- [           main] o.h.c.internal.RegionFactoryInitiator    : HHH000026: Second-level cache disabled
2023-12-26T20:55:28.570-03:00  INFO 14300 --- [           main] o.s.o.j.p.SpringPersistenceUnitInfo      : No LoadTimeWeaver setup: ignoring JPA class transformer
2023-12-26T20:55:30.365-03:00  INFO 14300 --- [           main] o.h.e.t.j.p.i.JtaPlatformInitiator       : HHH000489: No JTA platform available (set 'hibernate.transaction.jta.platform' to enable JTA platform integration)
2023-12-26T20:55:30.371-03:00  INFO 14300 --- [           main] j.LocalContainerEntityManagerFactoryBean : Initialized JPA EntityManagerFactory for persistence unit 'default'
2023-12-26T20:55:31.411-03:00  WARN 14300 --- [           main] JpaBaseConfiguration$JpaWebConfiguration : spring.jpa.open-in-view is enabled by default. Therefore, database queries may be performed during view rendering. Explicitly configure spring.jpa.open-in-view to disable this warning
2023-12-26T20:55:32.354-03:00  WARN 14300 --- [           main] .s.s.UserDetailsServiceAutoConfiguration : 

Using generated security password: 0f588713-9275-49da-9768-6c4d21b34c22

This generated password is for development use only. Your security configuration must be updated before running your application in production.

2023-12-26T20:55:32.673-03:00  INFO 14300 --- [           main] o.s.s.web.DefaultSecurityFilterChain     : Will secure any request with [org.springframework.security.web.session.DisableEncodeUrlFilter@f9d8285, org.springframework.security.web.context.request.async.WebAsyncManagerIntegrationFilter@67b1c3af, org.springframework.security.web.context.SecurityContextHolderFilter@4193da4d, org.springframework.security.web.header.HeaderWriterFilter@1067192a, org.springframework.web.filter.CorsFilter@2e243122, org.springframework.security.web.csrf.CsrfFilter@3a7f382, org.springframework.security.web.authentication.logout.LogoutFilter@5cfde2a4, org.springframework.security.web.authentication.UsernamePasswordAuthenticationFilter@39c93af6, org.springframework.security.web.authentication.ui.DefaultLoginPageGeneratingFilter@60655642, org.springframework.security.web.authentication.ui.DefaultLogoutPageGeneratingFilter@2a5c115b, org.springframework.security.web.authentication.www.BasicAuthenticationFilter@5f26fc4d, org.springframework.security.web.savedrequest.RequestCacheAwareFilter@2ac0cb64, org.springframework.security.web.servletapi.SecurityContextHolderAwareRequestFilter@7be3a837, org.springframework.security.web.authentication.AnonymousAuthenticationFilter@49b6373f, org.springframework.security.web.access.ExceptionTranslationFilter@5ce03a9d, org.springframework.security.web.access.intercept.AuthorizationFilter@69374e28]
2023-12-26T20:55:32.820-03:00  INFO 14300 --- [           main] med.voll.api.ApiApplicationTests         : Started ApiApplicationTests in 10.985 seconds (process running for 13.666)
]]></system-out>
  </testcase>
</testsuite>