<?xml version="1.0" encoding="UTF-8"?>
<testsuite xmlns:xsi="http://www.w3.org/2001/XMLSchema-instance" xsi:noNamespaceSchemaLocation="https://maven.apache.org/surefire/maven-surefire-plugin/xsd/surefire-test-report-3.0.xsd" version="3.0" name="med.voll.api.controller.ConsultaControllerTest" time="5.488" tests="2" errors="0" skipped="0" failures="0">
  <properties>
[...]
</properties>
  <testcase name="agendar_cenario1" classname="med.voll.api.controller.ConsultaControllerTest" time="0.446">
    <system-out><![CDATA[2024-01-13T21:25:35.374-03:00  INFO 9564 --- [           main] t.c.s.AnnotationConfigContextLoaderUtils : Could not detect default configuration classes for test class [med.voll.api.controller.ConsultaControllerTest]: ConsultaControllerTest does not declare any static, non-private, non-final, nested classes annotated with @Configuration.
2024-01-13T21:25:35.529-03:00  INFO 9564 --- [           main] .b.t.c.SpringBootTestContextBootstrapper : Found @SpringBootConfiguration med.voll.api.ApiApplication for test class med.voll.api.controller.ConsultaControllerTest
2024-01-13T21:25:35.564-03:00  INFO 9564 --- [           main] o.s.b.d.r.RestartApplicationListener     : Restart disabled due to context in which it is running

  .   ____          _            __ _ _
 /\\ / ___'_ __ _ _(_)_ __  __ _ \ \ \ \
( ( )\___ | '_ | '_| | '_ \/ _` | \ \ \ \
 \\/  ___)| |_)| | | | | || (_| |  ) ) ) )
  '  |____| .__|_| |_|_| |_\__, | / / / /
 =========|_|==============|___/=/_/_/_/
 :: Spring Boot ::                (v3.2.0)

2024-01-13T21:25:35.660-03:00  INFO 9564 --- [           main] m.v.a.controller.ConsultaControllerTest  : Starting ConsultaControllerTest using Java 17.0.3.1 with PID 9564 (started by marlo in C:\Users\marlo\eclipse-workspace\api)
2024-01-13T21:25:35.661-03:00  INFO 9564 --- [           main] m.v.a.controller.ConsultaControllerTest  : No active profile set, falling back to 1 default profile: "default"
2024-01-13T21:25:36.410-03:00  INFO 9564 --- [           main] .s.d.r.c.RepositoryConfigurationDelegate : Bootstrapping Spring Data JPA repositories in DEFAULT mode.
2024-01-13T21:25:36.449-03:00  INFO 9564 --- [           main] .s.d.r.c.RepositoryConfigurationDelegate : Finished Spring Data repository scanning in 38 ms. Found 4 JPA repository interfaces.
2024-01-13T21:25:37.398-03:00  INFO 9564 --- [           main] com.zaxxer.hikari.HikariDataSource       : HikariPool-2 - Starting...
2024-01-13T21:25:37.426-03:00  INFO 9564 --- [           main] com.zaxxer.hikari.pool.HikariPool        : HikariPool-2 - Added connection org.mariadb.jdbc.Connection@7d6d93f9
2024-01-13T21:25:37.427-03:00  INFO 9564 --- [           main] com.zaxxer.hikari.HikariDataSource       : HikariPool-2 - Start completed.
2024-01-13T21:25:37.462-03:00  WARN 9564 --- [           main] o.m.jdbc.message.server.ErrorPacket      : Error: 1193-HY000: Unknown system variable 'WSREP_ON'
2024-01-13T21:25:37.471-03:00  INFO 9564 --- [           main] org.flywaydb.core.FlywayExecutor         : Database: jdbc:mariadb://localhost/vollmed_api (MariaDB 11.2)
2024-01-13T21:25:37.478-03:00  WARN 9564 --- [           main] o.f.c.internal.database.base.Database    : Flyway upgrade recommended: MariaDB 11.2 is newer than this version of Flyway and support has not been tested. The latest supported version of MariaDB is 10.11.
2024-01-13T21:25:37.527-03:00  INFO 9564 --- [           main] o.f.core.internal.command.DbValidate     : Successfully validated 7 migrations (execution time 00:00.044s)
2024-01-13T21:25:37.558-03:00  INFO 9564 --- [           main] o.f.core.internal.command.DbMigrate      : Current version of schema `vollmed_api`: 7
2024-01-13T21:25:37.559-03:00  INFO 9564 --- [           main] o.f.core.internal.command.DbMigrate      : Schema `vollmed_api` is up to date. No migration necessary.
2024-01-13T21:25:37.724-03:00  INFO 9564 --- [           main] o.hibernate.jpa.internal.util.LogHelper  : HHH000204: Processing PersistenceUnitInfo [name: default]
2024-01-13T21:25:37.765-03:00  INFO 9564 --- [           main] o.h.c.internal.RegionFactoryInitiator    : HHH000026: Second-level cache disabled
2024-01-13T21:25:37.793-03:00  INFO 9564 --- [           main] o.s.o.j.p.SpringPersistenceUnitInfo      : No LoadTimeWeaver setup: ignoring JPA class transformer
2024-01-13T21:25:38.209-03:00  INFO 9564 --- [           main] o.h.e.t.j.p.i.JtaPlatformInitiator       : HHH000489: No JTA platform available (set 'hibernate.transaction.jta.platform' to enable JTA platform integration)
2024-01-13T21:25:38.210-03:00  INFO 9564 --- [           main] j.LocalContainerEntityManagerFactoryBean : Initialized JPA EntityManagerFactory for persistence unit 'default'
2024-01-13T21:25:38.947-03:00  WARN 9564 --- [           main] JpaBaseConfiguration$JpaWebConfiguration : spring.jpa.open-in-view is enabled by default. Therefore, database queries may be performed during view rendering. Explicitly configure spring.jpa.open-in-view to disable this warning
2024-01-13T21:25:39.251-03:00  INFO 9564 --- [           main] o.s.s.web.DefaultSecurityFilterChain     : Will secure any request with [org.springframework.security.web.session.DisableEncodeUrlFilter@2dfc833b, org.springframework.security.web.context.request.async.WebAsyncManagerIntegrationFilter@33e2808e, org.springframework.security.web.context.SecurityContextHolderFilter@5b293cc9, org.springframework.security.web.header.HeaderWriterFilter@24aa1547, org.springframework.web.filter.CorsFilter@17a364, org.springframework.security.web.authentication.logout.LogoutFilter@19b0f61c, med.voll.api.infra.security.SecurityFilter@13021796, org.springframework.security.web.savedrequest.RequestCacheAwareFilter@6c551798, org.springframework.security.web.servletapi.SecurityContextHolderAwareRequestFilter@18212778, org.springframework.security.web.authentication.AnonymousAuthenticationFilter@7d963aca, org.springframework.security.web.session.SessionManagementFilter@b230f87, org.springframework.security.web.access.ExceptionTranslationFilter@1f5513df, org.springframework.security.web.access.intercept.AuthorizationFilter@4c963d59]
2024-01-13T21:25:39.726-03:00  INFO 9564 --- [           main] o.s.b.t.m.w.SpringBootMockServletContext : Initializing Spring TestDispatcherServlet ''
2024-01-13T21:25:39.727-03:00  INFO 9564 --- [           main] o.s.t.web.servlet.TestDispatcherServlet  : Initializing Servlet ''
2024-01-13T21:25:39.731-03:00  INFO 9564 --- [           main] o.s.t.web.servlet.TestDispatcherServlet  : Completed initialization in 4 ms
2024-01-13T21:25:39.774-03:00  INFO 9564 --- [           main] m.v.a.controller.ConsultaControllerTest  : Started ConsultaControllerTest in 4.211 seconds (process running for 22.225)
2024-01-13T21:25:39.925-03:00  WARN 9564 --- [           main] o.s.w.s.h.HandlerMappingIntrospector     : Cache miss for REQUEST dispatch to '/consultas' (previous null). Performing CorsConfiguration lookup. This is logged once only at WARN level, and every time at TRACE.
2024-01-13T21:25:40.046-03:00  WARN 9564 --- [           main] .w.s.m.s.DefaultHandlerExceptionResolver : Resolved [org.springframework.http.converter.HttpMessageNotReadableException: Required request body is missing: public org.springframework.http.ResponseEntity med.voll.api.controller.ConsultaController.agendar(med.voll.api.domain.consulta.DadosAgendamentoConsulta)]
]]></system-out>
  </testcase>
  <testcase name="agendar_cenario2" classname="med.voll.api.controller.ConsultaControllerTest" time="0.583"/>
</testsuite>